2021-06-04T16:29:25.114Z [AUDIT] Token created by 'anonymous': tokenId='6d2011dd-438b-483f-ab53-faf1a961a898', issuer='jfrou@01f7bxpwt3bxgstp75wx9ybgem', subject='jfrou@01f7bxpwt3bxgstp75wx9ybgem', expiry=none, refreshable=false
2021-06-04T16:29:30.403Z [AUDIT] Token created by 'anonymous': tokenId='8bf2818f-8d47-40a0-a503-2e32fbd76062', issuer='jfac@01f7bxpcdnjjsh1zk5xct909a5', subject='jfac@01f7bxpcdnjjsh1zk5xct909a5', expiry=1622824290397, refreshable=false
2021-06-04T16:29:30.884Z [AUDIT] Token created by 'anonymous': tokenId='a60e2c32-05e7-4983-bfd6-3fd180fd3909', issuer='jfevt@01f7bxpcdnjjsh1zk5xct909a5', subject='jfevt@01f7bxpcdnjjsh1zk5xct909a5', expiry=none, refreshable=false
2021-06-04T16:29:30.909Z [AUDIT] Token created by 'anonymous': tokenId='44a6eab4-76f0-4912-96d5-c9078480a4f8', issuer='jfmd@01f7bxpxj0z6fsngmqwc1934rb', subject='jfmd@01f7bxpxj0z6fsngmqwc1934rb', expiry=none, refreshable=false
2021-06-04T16:29:31.131Z [AUDIT] Token created by 'jfevt@01f7bxpcdnjjsh1zk5xct909a5': tokenId='71f7345a-4d62-48a4-b916-9c9985f5a969', issuer='jfevt@01f7bxpcdnjjsh1zk5xct909a5', subject='jfevt@01f7bxpcdnjjsh1zk5xct909a5', expiry=1622910571118, refreshable=true
2021-06-04T16:29:31.148Z [AUDIT] Token created by 'jfevt@01f7bxpcdnjjsh1zk5xct909a5': tokenId='101e8aed-8cf1-4e0d-9cf0-c978495392d9', issuer='jfevt@01f7bxpcdnjjsh1zk5xct909a5', subject='jfevt@01f7bxpcdnjjsh1zk5xct909a5', expiry=1622910571122, refreshable=true
2021-06-04T16:29:31.151Z [AUDIT] Token created by 'jfevt@01f7bxpcdnjjsh1zk5xct909a5': tokenId='dd284715-3f77-42df-9e60-bc522ec1d0f5', issuer='jfevt@01f7bxpcdnjjsh1zk5xct909a5', subject='jfevt@01f7bxpcdnjjsh1zk5xct909a5', expiry=1622910571149, refreshable=true
2021-06-04T16:29:31.156Z [AUDIT] Token created by 'jfevt@01f7bxpcdnjjsh1zk5xct909a5': tokenId='ee8b725a-a0c6-48fe-8d2a-f6104ae46483', issuer='jfevt@01f7bxpcdnjjsh1zk5xct909a5', subject='jfevt@01f7bxpcdnjjsh1zk5xct909a5', expiry=1622910571123, refreshable=true
2021-06-04T16:29:58.756Z [AUDIT] Token created by 'anonymous': tokenId='30a9819b-bb00-4029-820e-1bd08579dd7e', issuer='jfrt@01f7bxr762s4dr1x224yxh1efc', subject='jfrt@01f7bxr762s4dr1x224yxh1efc', expiry=none, refreshable=false
2021-06-04T16:30:05.594Z [AUDIT] Token created by 'jfrt@01f7bxr762s4dr1x224yxh1efc': tokenId='79531c43-783a-4021-a9ce-6b575cc2794e', issuer='jfrt@01f7bxr762s4dr1x224yxh1efc', subject='jfrt@01f7bxr762s4dr1x224yxh1efc', expiry=2568904205587, refreshable=false
2021-06-04T16:30:11.647Z [AUDIT] Token created by 'jfrt@01f7bxr762s4dr1x224yxh1efc': tokenId='bda7f229-6617-4d46-87e2-4ee69f534fb2', issuer='jfrt@01f7bxr762s4dr1x224yxh1efc/users/_system_', subject='jfrt@01f7bxr762s4dr1x224yxh1efc/users/_system_', expiry=none, refreshable=false
2021-06-04T16:30:31.745Z [AUDIT] Token created by 'anonymous': tokenId='bfef0b7d-fca2-4858-ba6a-51bb2eae4172', issuer='jffe@000', subject='jffe@000', expiry=none, refreshable=false
2021-06-04T16:30:31.989Z [AUDIT] Token created by 'jffe@000': tokenId='a7aee4aa-0dd0-442f-9c79-0056ea24a706', issuer='jffe@000', subject='jffe@000/users/jffe@000', expiry=1622824831988, refreshable=false
2021-06-04T16:31:05.022Z [AUDIT] Token created by 'jffe@000': tokenId='e49d8b7b-91e6-4ffe-a164-9a87c915271c', issuer='jffe@000', subject='jffe@000/users/anonymous', expiry=1622824865022, refreshable=false
2021-06-04T16:31:05.025Z [AUDIT] Token created by 'jffe@000': tokenId='f31a63c9-aad3-4941-8840-260900bbe9a7', issuer='jffe@000', subject='jffe@000/users/anonymous', expiry=1622824865022, refreshable=false
2021-06-04T16:31:05.026Z [AUDIT] Token created by 'jffe@000': tokenId='eac103b0-c2ed-43ef-b648-d7b548e9125f', issuer='jffe@000', subject='jffe@000/users/anonymous', expiry=1622824865026, refreshable=false
2021-06-04T16:31:05.033Z [AUDIT] Token created by 'jffe@000': tokenId='121fbcb4-312a-4932-a1c1-9d30b93559f7', issuer='jffe@000', subject='jffe@000/users/anonymous', expiry=1622824865032, refreshable=false
2021-06-04T16:31:34.196Z [AUDIT] Token created by 'jfrt@01f7bxr762s4dr1x224yxh1efc': tokenId='26601e14-43de-48fe-bf45-a75f0fb63118', issuer='jfrt@01f7bxr762s4dr1x224yxh1efc', subject='jfrt@01f7bxr762s4dr1x224yxh1efc/users/admin', expiry=1625243494191, refreshable=false
2021-06-04T16:31:34.470Z [AUDIT] Token created by 'jffe@000': tokenId='fbcd3e38-e940-4cf3-95a9-b3d288a470e5', issuer='jffe@000', subject='jffe@000/users/admin', expiry=1622826094458, refreshable=true
2021-06-04T16:31:34.745Z [AUDIT] Token created by 'jffe@000': tokenId='ee2a9815-2f24-48ad-8e50-28d63cc877b5', issuer='jffe@000', subject='jffe@000/users/admin', expiry=1622824894745, refreshable=false
2021-06-04T16:31:34.746Z [AUDIT] Token created by 'jffe@000': tokenId='abef5cb2-060b-4e4a-87af-5ec880f5d7de', issuer='jffe@000', subject='jffe@000/users/admin', expiry=1622824894745, refreshable=false
2021-06-04T16:31:34.750Z [AUDIT] Token created by 'jffe@000': tokenId='e2001ffe-4f6e-4a7a-a580-83be1657b31d', issuer='jffe@000', subject='jffe@000/users/admin', expiry=1622824894749, refreshable=false
2021-06-04T16:35:17.917Z [AUDIT] Token created by 'jffe@000': tokenId='503cf783-a29e-448b-83f6-bcfafc0722f4', issuer='jffe@000', subject='jffe@000/users/admin', expiry=1622826317910, refreshable=true
2021-06-04T16:35:18.086Z [AUDIT] Token created by 'jffe@000': tokenId='4a703211-a719-4192-adba-8159f4843e3d', issuer='jffe@000', subject='jffe@000/users/admin', expiry=1622825118086, refreshable=false
2021-06-04T16:35:18.119Z [AUDIT] Token created by 'jffe@000': tokenId='bedc6029-a829-4c43-978c-e13e01b7c810', issuer='jffe@000', subject='jffe@000/users/admin', expiry=1622825118119, refreshable=false
2021-06-04T16:40:34.913Z [AUDIT] Token created by 'jffe@000': tokenId='d294466e-c14c-4fff-add8-9efd868c5946', issuer='jffe@000', subject='jffe@000/users/jffe@000', expiry=1622825434913, refreshable=false
2021-06-04T16:40:34.913Z [AUDIT] Token created by 'jffe@000': tokenId='6fbe9838-f2f4-4478-9e61-42be5562bbf6', issuer='jffe@000', subject='jffe@000/users/jffe@000', expiry=1622825434913, refreshable=false
2021-06-04T16:40:34.921Z [AUDIT] Token created by 'jffe@000': tokenId='47b806a6-ee3a-4157-aefb-a13e6b4b4b8d', issuer='jffe@000', subject='jffe@000/users/jffe@000', expiry=1622825434921, refreshable=false
2021-06-04T16:40:42.686Z [AUDIT] Token refreshed by 'jffe@000': oldTokenId='503cf783-a29e-448b-83f6-bcfafc0722f4', tokenId='b72e52c5-58ee-408f-b0e0-1f41e4292c00', issuer='jffe@000', subject='jffe@000/users/admin', expiry=1622826642668, refreshable=true
2021-06-04T16:40:47.773Z [AUDIT] Token created by 'jffe@000': tokenId='4fb1f1ef-8627-4800-8e38-8ceef06c34ae', issuer='jffe@000', subject='jffe@000/users/admin', expiry=1622825447773, refreshable=false
2021-06-04T16:45:17.967Z [AUDIT] Token created by 'jffe@000': tokenId='5b05bcb1-6272-4357-8d2f-87223a8dc938', issuer='jffe@000', subject='jffe@000/users/admin', expiry=1622825717967, refreshable=false
2021-06-04T16:45:17.967Z [AUDIT] Token created by 'jffe@000': tokenId='be189a4e-900c-4f6a-b1b2-90d09168e3c9', issuer='jffe@000', subject='jffe@000/users/admin', expiry=1622825717967, refreshable=false
2021-06-04T16:45:17.970Z [AUDIT] Token created by 'jffe@000': tokenId='da698f74-2024-4bd7-9014-0ab3976ef1a2', issuer='jffe@000', subject='jffe@000/users/admin', expiry=1622825717970, refreshable=false
2021-06-04T16:45:17.973Z [AUDIT] Token created by 'jffe@000': tokenId='9235fe2e-0633-4cff-a9f6-0d8d82bbc7ac', issuer='jffe@000', subject='jffe@000/users/admin', expiry=1622825717972, refreshable=false
2021-06-04T16:45:17.987Z [AUDIT] Token created by 'jffe@000': tokenId='8a492be3-2034-40c4-8316-474670d9325f', issuer='jffe@000', subject='jffe@000/users/admin', expiry=1622825717986, refreshable=false
2021-06-04T16:45:44.094Z [AUDIT] Token refreshed by 'jffe@000': oldTokenId='b72e52c5-58ee-408f-b0e0-1f41e4292c00', tokenId='d7b1a349-cd00-44f8-81ff-263ab5fc9fd1', issuer='jffe@000', subject='jffe@000/users/admin', expiry=1622826944086, refreshable=true
2021-06-04T16:46:18.481Z [AUDIT] Token created by 'jffe@000': tokenId='e48eeb43-d79d-4871-ad5b-fea0ddb4eed6', issuer='jffe@000', subject='jffe@000/users/anonymous', expiry=1622825778480, refreshable=false
2021-06-04T16:50:35.073Z [AUDIT] Token created by 'jffe@000': tokenId='0c75f360-e51b-4007-ac7d-a9da87c02ace', issuer='jffe@000', subject='jffe@000/users/jffe@000', expiry=1622826035073, refreshable=false
2021-06-04T16:50:35.074Z [AUDIT] Token created by 'jffe@000': tokenId='89df0609-ba0e-470a-8e37-5e91373c9061', issuer='jffe@000', subject='jffe@000/users/jffe@000', expiry=1622826035073, refreshable=false
2021-06-04T16:50:35.082Z [AUDIT] Token created by 'jffe@000': tokenId='e6c010b6-c09a-4d0b-b55a-1fe3efc59b30', issuer='jffe@000', subject='jffe@000/users/jffe@000', expiry=1622826035082, refreshable=false
2021-06-04T16:55:50.536Z [AUDIT] Token created by 'jffe@000': tokenId='c430aad5-49ea-4351-950e-ba806533a95e', issuer='jffe@000', subject='jffe@000/users/admin', expiry=1622826350536, refreshable=false
2021-06-04T17:00:35.180Z [AUDIT] Token created by 'jffe@000': tokenId='7b24e6f2-4e04-43fd-89a2-ca706762e30d', issuer='jffe@000', subject='jffe@000/users/jffe@000', expiry=1622826635180, refreshable=false
2021-06-04T17:00:35.180Z [AUDIT] Token created by 'jffe@000': tokenId='dd18e279-99ff-40b2-9454-0daa22b4c236', issuer='jffe@000', subject='jffe@000/users/jffe@000', expiry=1622826635180, refreshable=false
2021-06-04T17:00:35.184Z [AUDIT] Token created by 'jffe@000': tokenId='4ef877ac-3de4-4e70-bc9d-a93558942690', issuer='jffe@000', subject='jffe@000/users/jffe@000', expiry=1622826635184, refreshable=false
2021-06-04T17:05:50.537Z [AUDIT] Token created by 'jffe@000': tokenId='5c4271f6-a085-45a7-83b9-6f3f9bcc4f98', issuer='jffe@000', subject='jffe@000/users/admin', expiry=1622826950537, refreshable=false
2021-06-04T17:10:35.292Z [AUDIT] Token created by 'jffe@000': tokenId='d26bd02f-7467-4f1f-9117-db65c2dada14', issuer='jffe@000', subject='jffe@000/users/jffe@000', expiry=1622827235292, refreshable=false
2021-06-04T17:10:35.296Z [AUDIT] Token created by 'jffe@000': tokenId='5821db67-ede1-4086-9544-cdeded9dc922', issuer='jffe@000', subject='jffe@000/users/jffe@000', expiry=1622827235296, refreshable=false
2021-06-04T17:10:35.297Z [AUDIT] Token created by 'jffe@000': tokenId='2d83d7e1-9606-409f-9bd8-83f08048a36d', issuer='jffe@000', subject='jffe@000/users/jffe@000', expiry=1622827235296, refreshable=false
2021-06-04T17:20:35.491Z [AUDIT] Token created by 'jffe@000': tokenId='f0eb737f-7681-4f3f-8997-00ab46eb1b63', issuer='jffe@000', subject='jffe@000/users/jffe@000', expiry=1622827835490, refreshable=false
2021-06-04T17:20:35.491Z [AUDIT] Token created by 'jffe@000': tokenId='152d6bfe-4f83-4cc5-9ffb-8f683e6966d3', issuer='jffe@000', subject='jffe@000/users/jffe@000', expiry=1622827835490, refreshable=false
2021-06-04T17:20:35.500Z [AUDIT] Token created by 'jffe@000': tokenId='dc54f12b-c0b3-4976-a5cb-35df7e6a649c', issuer='jffe@000', subject='jffe@000/users/jffe@000', expiry=1622827835499, refreshable=false
2021-06-04T17:30:35.548Z [AUDIT] Token created by 'jffe@000': tokenId='c6a9d94e-fb19-4a08-96d7-6597cd501263', issuer='jffe@000', subject='jffe@000/users/jffe@000', expiry=1622828435548, refreshable=false
2021-06-04T17:30:35.551Z [AUDIT] Token created by 'jffe@000': tokenId='a5ec2ece-c8a3-4573-9075-f4e957b9fe20', issuer='jffe@000', subject='jffe@000/users/jffe@000', expiry=1622828435551, refreshable=false
2021-06-04T17:30:35.552Z [AUDIT] Token created by 'jffe@000': tokenId='3b9ad6a1-446b-4320-8c9a-08d016be5cd8', issuer='jffe@000', subject='jffe@000/users/jffe@000', expiry=1622828435552, refreshable=false
2021-06-04T17:32:54.450Z [AUDIT] Token created by 'jffe@000': tokenId='2b4cc8fe-0000-4a7b-a5ec-44f1e9518089', issuer='jffe@000', subject='jffe@000/users/anonymous', expiry=1622828574450, refreshable=false
2021-06-04T17:32:54.450Z [AUDIT] Token created by 'jffe@000': tokenId='c67f5318-aa4d-44ba-8dd1-6a03a5f1bbba', issuer='jffe@000', subject='jffe@000/users/anonymous', expiry=1622828574450, refreshable=false
2021-06-04T17:32:54.451Z [AUDIT] Token created by 'jffe@000': tokenId='56742a60-08a7-4145-8d5c-4bae99f5c49f', issuer='jffe@000', subject='jffe@000/users/anonymous', expiry=1622828574450, refreshable=false
2021-06-04T17:32:54.476Z [AUDIT] Token created by 'jffe@000': tokenId='05ab8a82-6f64-44f3-a3c8-3f6baa03e330', issuer='jffe@000', subject='jffe@000/users/anonymous', expiry=1622828574476, refreshable=false
2021-06-04T17:32:59.760Z [AUDIT] Token created by 'jffe@000': tokenId='c8ca4e90-303d-4921-ab20-2db02bd57ba2', issuer='jffe@000', subject='jffe@000/users/admin', expiry=1622829779758, refreshable=true
2021-06-04T17:32:59.909Z [AUDIT] Token created by 'jffe@000': tokenId='80a38846-2327-46a5-8529-ff6a0ea670ca', issuer='jffe@000', subject='jffe@000/users/admin', expiry=1622828579909, refreshable=false
2021-06-04T17:32:59.913Z [AUDIT] Token created by 'jffe@000': tokenId='93f7ddd4-03c6-49f9-ae51-0bfe1d1f4efe', issuer='jffe@000', subject='jffe@000/users/admin', expiry=1622828579913, refreshable=false
2021-06-04T17:32:59.913Z [AUDIT] Token created by 'jffe@000': tokenId='033d9735-87b3-4810-b704-ad9270b84319', issuer='jffe@000', subject='jffe@000/users/admin', expiry=1622828579913, refreshable=false
2021-06-04T17:32:59.921Z [AUDIT] Token created by 'jffe@000': tokenId='80c44ae4-8874-4edc-b6fe-734d380079ff', issuer='jffe@000', subject='jffe@000/users/admin', expiry=1622828579921, refreshable=false
2021-06-04T17:33:00.396Z [AUDIT] Token created by 'jffe@000': tokenId='5a571ba9-fe1d-41f0-ba89-7d852c849c21', issuer='jffe@000', subject='jffe@000/users/admin', expiry=1622828580396, refreshable=false
2021-06-04T17:38:05.203Z [AUDIT] Token refreshed by 'jffe@000': oldTokenId='c8ca4e90-303d-4921-ab20-2db02bd57ba2', tokenId='9a72a73c-8da4-46c8-bb55-d9632de67f30', issuer='jffe@000', subject='jffe@000/users/admin', expiry=1622830085196, refreshable=true
2021-06-04T17:39:45.565Z [AUDIT] Token revoked by 'jffe@000': tokenId='9a72a73c-8da4-46c8-bb55-d9632de67f30', issuer='jffe@000', subject='jffe@000/users/admin', expiry=1622830085196, refreshable=true
2021-06-04T17:39:49.642Z [AUDIT] Token created by 'jffe@000': tokenId='265149cc-f541-449a-9fce-ccb83dfc6e6a', issuer='jffe@000', subject='jffe@000/users/maven_user', expiry=1622830189639, refreshable=true
2021-06-04T17:39:49.750Z [AUDIT] Token created by 'jffe@000': tokenId='b60be174-693b-46cb-a912-8d3a943538f6', issuer='jffe@000', subject='jffe@000/users/maven_user', expiry=1622828989750, refreshable=false
2021-06-04T17:39:50.177Z [AUDIT] Token created by 'jffe@000': tokenId='538e45f2-f79e-4144-abcf-d9f66b4fe8af', issuer='jffe@000', subject='jffe@000/users/maven_user', expiry=1622828990177, refreshable=false
2021-06-04T17:39:50.544Z [AUDIT] Token created by 'jffe@000': tokenId='ee22aa58-0ada-4d55-9c42-ee1d77d4a658', issuer='jffe@000', subject='jffe@000/users/maven_user', expiry=1622828990544, refreshable=false
2021-06-04T17:40:12.006Z [AUDIT] Token revoked by 'jffe@000': tokenId='265149cc-f541-449a-9fce-ccb83dfc6e6a', issuer='jffe@000', subject='jffe@000/users/maven_user', expiry=1622830189639, refreshable=true
2021-06-04T17:40:14.905Z [AUDIT] Token created by 'jffe@000': tokenId='11519c53-59e3-4ec3-af05-fe4fa1b5c6a4', issuer='jffe@000', subject='jffe@000/users/admin', expiry=1622830214902, refreshable=true
2021-06-04T17:40:15.060Z [AUDIT] Token created by 'jffe@000': tokenId='d20258ba-3216-4c49-a2ab-7d8b86368477', issuer='jffe@000', subject='jffe@000/users/admin', expiry=1622829015059, refreshable=false
2021-06-04T17:40:15.060Z [AUDIT] Token created by 'jffe@000': tokenId='dbd21ad1-5c12-4502-a549-97642c90d88f', issuer='jffe@000', subject='jffe@000/users/admin', expiry=1622829015059, refreshable=false
2021-06-04T17:40:15.061Z [AUDIT] Token created by 'jffe@000': tokenId='980a0236-7ecf-412d-b47e-fdf23c2f6a81', issuer='jffe@000', subject='jffe@000/users/admin', expiry=1622829015061, refreshable=false
2021-06-04T17:40:15.509Z [AUDIT] Token created by 'jffe@000': tokenId='bcd5737a-5ce9-447a-ad6d-c7eba3bbac27', issuer='jffe@000', subject='jffe@000/users/admin', expiry=1622829015509, refreshable=false
2021-06-04T17:40:35.776Z [AUDIT] Token created by 'jffe@000': tokenId='a3f06fb5-0dfe-4360-9141-542c0d9c48c5', issuer='jffe@000', subject='jffe@000/users/jffe@000', expiry=1622829035776, refreshable=false
2021-06-04T17:40:35.776Z [AUDIT] Token created by 'jffe@000': tokenId='87d3ac79-4853-4bd4-975f-a8790f244f4b', issuer='jffe@000', subject='jffe@000/users/jffe@000', expiry=1622829035776, refreshable=false
2021-06-04T17:40:35.779Z [AUDIT] Token created by 'jffe@000': tokenId='4f9d4d0b-09f3-4900-9c9c-8ede83b57e8f', issuer='jffe@000', subject='jffe@000/users/jffe@000', expiry=1622829035779, refreshable=false
2021-06-04T17:44:08.319Z [AUDIT] Token revoked by 'jffe@000': tokenId='11519c53-59e3-4ec3-af05-fe4fa1b5c6a4', issuer='jffe@000', subject='jffe@000/users/admin', expiry=1622830214902, refreshable=true
2021-06-04T17:44:08.548Z [AUDIT] Token created by 'jffe@000': tokenId='74cc8edb-a74e-452e-baa9-1232bb6d32cf', issuer='jffe@000', subject='jffe@000/users/anonymous', expiry=1622829248548, refreshable=false
2021-06-04T17:44:08.549Z [AUDIT] Token created by 'jffe@000': tokenId='098346ba-af32-414c-b3de-cc32966aa331', issuer='jffe@000', subject='jffe@000/users/anonymous', expiry=1622829248548, refreshable=false
2021-06-04T17:44:08.574Z [AUDIT] Token created by 'jffe@000': tokenId='650d3a0f-df00-41ac-8bdf-42891c7e4c67', issuer='jffe@000', subject='jffe@000/users/anonymous', expiry=1622829248573, refreshable=false
2021-06-04T17:44:08.588Z [AUDIT] Token created by 'jffe@000': tokenId='8ae01255-cfca-45df-bec1-c29690530525', issuer='jffe@000', subject='jffe@000/users/anonymous', expiry=1622829248588, refreshable=false
2021-06-04T17:44:13.443Z [AUDIT] Token created by 'jffe@000': tokenId='5248c648-e5fc-4a05-8cf2-dbdea20ea1ec', issuer='jffe@000', subject='jffe@000/users/maven_user', expiry=1622830453435, refreshable=true
2021-06-04T17:44:13.601Z [AUDIT] Token created by 'jffe@000': tokenId='09ad66c0-df54-45f1-801d-da73023b26cd', issuer='jffe@000', subject='jffe@000/users/maven_user', expiry=1622829253601, refreshable=false
2021-06-04T17:44:14.067Z [AUDIT] Token created by 'jffe@000': tokenId='96483e9d-625a-4f46-9b32-e1312adc89d8', issuer='jffe@000', subject='jffe@000/users/maven_user', expiry=1622829254066, refreshable=false
2021-06-04T17:44:14.356Z [AUDIT] Token created by 'jffe@000': tokenId='67d7d167-fa35-4b1d-aae6-6c6178cf31b2', issuer='jffe@000', subject='jffe@000/users/maven_user', expiry=1622829254356, refreshable=false
2021-06-04T17:44:53.761Z [AUDIT] Token revoked by 'jffe@000': tokenId='5248c648-e5fc-4a05-8cf2-dbdea20ea1ec', issuer='jffe@000', subject='jffe@000/users/maven_user', expiry=1622830453435, refreshable=true
2021-06-04T17:44:56.697Z [AUDIT] Token created by 'jffe@000': tokenId='d3779e0f-3282-47a6-85e6-c0ea38d3701b', issuer='jffe@000', subject='jffe@000/users/admin', expiry=1622830496689, refreshable=true
2021-06-04T17:44:56.860Z [AUDIT] Token created by 'jffe@000': tokenId='e2fb7864-e7ca-451b-aea4-dadc4e255933', issuer='jffe@000', subject='jffe@000/users/admin', expiry=1622829296860, refreshable=false
2021-06-04T17:44:56.860Z [AUDIT] Token created by 'jffe@000': tokenId='793f9f60-b9a0-4de4-ac37-783e9dcd25e8', issuer='jffe@000', subject='jffe@000/users/admin', expiry=1622829296860, refreshable=false
2021-06-04T17:44:56.864Z [AUDIT] Token created by 'jffe@000': tokenId='1000ae9a-2a83-4472-8161-a19d826c2e09', issuer='jffe@000', subject='jffe@000/users/admin', expiry=1622829296863, refreshable=false
2021-06-04T17:44:57.341Z [AUDIT] Token created by 'jffe@000': tokenId='4bed2301-4ddc-47c0-9fa5-68898412922f', issuer='jffe@000', subject='jffe@000/users/admin', expiry=1622829297341, refreshable=false
2021-06-04T17:46:49.965Z [AUDIT] Token revoked by 'jffe@000': tokenId='d3779e0f-3282-47a6-85e6-c0ea38d3701b', issuer='jffe@000', subject='jffe@000/users/admin', expiry=1622830496689, refreshable=true
2021-06-04T17:46:52.752Z [AUDIT] Token created by 'jffe@000': tokenId='d66ca57b-b248-417f-8b9c-32ba50de3eb5', issuer='jffe@000', subject='jffe@000/users/maven_user', expiry=1622830612744, refreshable=true
2021-06-04T17:46:52.867Z [AUDIT] Token created by 'jffe@000': tokenId='65adbab7-d620-4795-96d1-9aa6db27575f', issuer='jffe@000', subject='jffe@000/users/maven_user', expiry=1622829412866, refreshable=false
2021-06-04T17:46:53.401Z [AUDIT] Token created by 'jffe@000': tokenId='411a4259-0751-4722-b562-b47aef031096', issuer='jffe@000', subject='jffe@000/users/maven_user', expiry=1622829413401, refreshable=false
2021-06-04T17:46:53.642Z [AUDIT] Token created by 'jffe@000': tokenId='56b7cc3e-eba5-4058-b736-70b9ede6fadc', issuer='jffe@000', subject='jffe@000/users/maven_user', expiry=1622829413642, refreshable=false
2021-06-04T17:50:35.857Z [AUDIT] Token created by 'jffe@000': tokenId='67dcda57-56df-403a-9728-8524cbdd8f61', issuer='jffe@000', subject='jffe@000/users/jffe@000', expiry=1622829635857, refreshable=false
2021-06-04T17:50:35.857Z [AUDIT] Token created by 'jffe@000': tokenId='5790eb79-5b1d-4bc0-8c78-aa1f2fbff9a1', issuer='jffe@000', subject='jffe@000/users/jffe@000', expiry=1622829635857, refreshable=false
2021-06-04T17:50:35.865Z [AUDIT] Token created by 'jffe@000': tokenId='89fcec8b-ead3-45e2-a5e4-133a34baa5d0', issuer='jffe@000', subject='jffe@000/users/jffe@000', expiry=1622829635865, refreshable=false
2021-06-04T17:52:13.818Z [AUDIT] Token refreshed by 'jffe@000': oldTokenId='d66ca57b-b248-417f-8b9c-32ba50de3eb5', tokenId='4847e0f0-b6bf-44bf-b4f4-3427bfee95b7', issuer='jffe@000', subject='jffe@000/users/maven_user', expiry=1622830933814, refreshable=true
2021-06-04T17:56:53.543Z [AUDIT] Token created by 'jffe@000': tokenId='66f06416-dfaf-48b3-bb52-9c31200362f8', issuer='jffe@000', subject='jffe@000/users/maven_user', expiry=1622830013543, refreshable=false
2021-06-04T18:00:36.001Z [AUDIT] Token created by 'jffe@000': tokenId='26cf26c6-779c-48d6-afe4-16c83919ecb3', issuer='jffe@000', subject='jffe@000/users/jffe@000', expiry=1622830236001, refreshable=false
2021-06-04T18:00:36.002Z [AUDIT] Token created by 'jffe@000': tokenId='12608407-787e-4a96-8d4d-2d425f973e30', issuer='jffe@000', subject='jffe@000/users/jffe@000', expiry=1622830236001, refreshable=false
2021-06-04T18:00:36.017Z [AUDIT] Token created by 'jffe@000': tokenId='0ffd3f16-b0b2-4a5a-bae6-153dd072dd55', issuer='jffe@000', subject='jffe@000/users/jffe@000', expiry=1622830236017, refreshable=false
2021-06-04T18:06:53.536Z [AUDIT] Token created by 'jffe@000': tokenId='40752346-7827-4463-8f65-6a20fd897c6d', issuer='jffe@000', subject='jffe@000/users/maven_user', expiry=1622830613536, refreshable=false
2021-06-04T18:08:52.088Z [AUDIT] Token refreshed by 'jffe@000': oldTokenId='4847e0f0-b6bf-44bf-b4f4-3427bfee95b7', tokenId='332c0ff9-e558-4892-8854-265b1c8b7df3', issuer='jffe@000', subject='jffe@000/users/maven_user', expiry=1622831932080, refreshable=true
2021-06-04T18:09:21.414Z [AUDIT] Token revoked by 'jffe@000': tokenId='332c0ff9-e558-4892-8854-265b1c8b7df3', issuer='jffe@000', subject='jffe@000/users/maven_user', expiry=1622831932080, refreshable=true
2021-06-04T18:09:21.696Z [AUDIT] Token created by 'jffe@000': tokenId='02f03713-7b2e-4bf8-b9e5-c76d5b7536ff', issuer='jffe@000', subject='jffe@000/users/anonymous', expiry=1622830761695, refreshable=false
2021-06-04T18:09:21.719Z [AUDIT] Token created by 'jffe@000': tokenId='0b88395f-8532-45de-ab32-df1452fbc3cc', issuer='jffe@000', subject='jffe@000/users/anonymous', expiry=1622830761719, refreshable=false
2021-06-04T18:09:21.719Z [AUDIT] Token created by 'jffe@000': tokenId='8536bf4a-a159-4119-ba5e-e69c613f0498', issuer='jffe@000', subject='jffe@000/users/anonymous', expiry=1622830761719, refreshable=false
2021-06-04T18:09:21.745Z [AUDIT] Token created by 'jffe@000': tokenId='cd47d55b-0225-41ac-9d14-9d2a4aa40d9d', issuer='jffe@000', subject='jffe@000/users/anonymous', expiry=1622830761745, refreshable=false
2021-06-04T18:09:24.636Z [AUDIT] Token created by 'jffe@000': tokenId='30243d32-2c60-4aac-bda3-b5e5f4ffd088', issuer='jffe@000', subject='jffe@000/users/admin', expiry=1622831964632, refreshable=true
2021-06-04T18:09:24.742Z [AUDIT] Token created by 'jffe@000': tokenId='324804ee-2736-4b3f-84f3-6253368be3ca', issuer='jffe@000', subject='jffe@000/users/admin', expiry=1622830764742, refreshable=false
2021-06-04T18:09:24.742Z [AUDIT] Token created by 'jffe@000': tokenId='2dda9894-0d25-4fc2-a109-7646e5cdfc35', issuer='jffe@000', subject='jffe@000/users/admin', expiry=1622830764742, refreshable=false
2021-06-04T18:09:24.771Z [AUDIT] Token created by 'jffe@000': tokenId='cc6ceaab-a403-491b-98a6-ad0351bf853f', issuer='jffe@000', subject='jffe@000/users/admin', expiry=1622830764771, refreshable=false
2021-06-04T18:09:25.395Z [AUDIT] Token created by 'jffe@000': tokenId='41d19599-603b-483b-b5c6-dca5afdfdf71', issuer='jffe@000', subject='jffe@000/users/admin', expiry=1622830765395, refreshable=false
2021-06-04T18:10:36.060Z [AUDIT] Token created by 'jffe@000': tokenId='4ca9ed85-afb3-4491-b236-402d68cc4fec', issuer='jffe@000', subject='jffe@000/users/jffe@000', expiry=1622830836060, refreshable=false
2021-06-04T18:10:36.061Z [AUDIT] Token created by 'jffe@000': tokenId='6afc80b9-b271-4d0f-82fb-e4017750d743', issuer='jffe@000', subject='jffe@000/users/jffe@000', expiry=1622830836061, refreshable=false
2021-06-04T18:10:36.069Z [AUDIT] Token created by 'jffe@000': tokenId='ba29ba1b-dc83-423a-9408-163044b201e3', issuer='jffe@000', subject='jffe@000/users/jffe@000', expiry=1622830836069, refreshable=false
2021-06-04T18:18:46.308Z [AUDIT] Token refreshed by 'jffe@000': oldTokenId='30243d32-2c60-4aac-bda3-b5e5f4ffd088', tokenId='18d7dbb0-d21a-4e85-b148-852268432f83', issuer='jffe@000', subject='jffe@000/users/admin', expiry=1622832526301, refreshable=true
2021-06-04T18:19:25.553Z [AUDIT] Token created by 'jffe@000': tokenId='bb7f96a0-689d-4d93-93d0-1b87935e6f23', issuer='jffe@000', subject='jffe@000/users/admin', expiry=1622831365553, refreshable=false
2021-06-04T18:20:36.184Z [AUDIT] Token created by 'jffe@000': tokenId='700aead2-f470-4010-9a62-6bf33ab83bf3', issuer='jffe@000', subject='jffe@000/users/jffe@000', expiry=1622831436184, refreshable=false
2021-06-04T18:20:36.184Z [AUDIT] Token created by 'jffe@000': tokenId='a235a04a-516f-4b08-960e-1d65f7986fae', issuer='jffe@000', subject='jffe@000/users/jffe@000', expiry=1622831436184, refreshable=false
2021-06-04T18:20:36.186Z [AUDIT] Token created by 'jffe@000': tokenId='f3cab497-7f1b-4e32-85dc-b138a73bb20d', issuer='jffe@000', subject='jffe@000/users/jffe@000', expiry=1622831436186, refreshable=false
2021-06-04T18:28:03.356Z [AUDIT] Token refreshed by 'jffe@000': oldTokenId='18d7dbb0-d21a-4e85-b148-852268432f83', tokenId='80898dca-5f1b-4c36-b1a8-f5fb8cbd7c0b', issuer='jffe@000', subject='jffe@000/users/admin', expiry=1622833083354, refreshable=true
2021-06-04T18:28:13.145Z [AUDIT] Token created by 'jffe@000': tokenId='400b769e-e3de-4a42-a28b-f468334697e7', issuer='jffe@000', subject='jffe@000/users/admin', expiry=1622831893145, refreshable=false
2021-06-04T18:29:25.551Z [AUDIT] Token created by 'jffe@000': tokenId='ee997b3c-ae04-47d6-8bb5-3234ef84f1ac', issuer='jffe@000', subject='jffe@000/users/admin', expiry=1622831965551, refreshable=false
2021-06-04T18:30:36.257Z [AUDIT] Token created by 'jffe@000': tokenId='9f09076e-ea7b-454e-9bb7-19243ee611d2', issuer='jffe@000', subject='jffe@000/users/jffe@000', expiry=1622832036257, refreshable=false
2021-06-04T18:30:36.258Z [AUDIT] Token created by 'jffe@000': tokenId='193c3ac4-d33c-435e-ab51-5bba9b9d185a', issuer='jffe@000', subject='jffe@000/users/jffe@000', expiry=1622832036257, refreshable=false
2021-06-04T18:30:36.259Z [AUDIT] Token created by 'jffe@000': tokenId='b12fedba-3ae2-497b-8879-b8b18c8d8aa4', issuer='jffe@000', subject='jffe@000/users/jffe@000', expiry=1622832036259, refreshable=false
2021-06-04T18:33:45.579Z [AUDIT] Token refreshed by 'jffe@000': oldTokenId='80898dca-5f1b-4c36-b1a8-f5fb8cbd7c0b', tokenId='9eb3386c-0587-4a3b-80d6-e31360d93a55', issuer='jffe@000', subject='jffe@000/users/admin', expiry=1622833425575, refreshable=true
2021-06-11T18:15:17.732Z [AUDIT] Token created by 'anonymous': tokenId='3a1f57c5-eaa0-4c4e-be20-25b2575acaa4', issuer='jfrou@01f7bxpwt3bxgstp75wx9ybgem', subject='jfrou@01f7bxpwt3bxgstp75wx9ybgem', expiry=none, refreshable=false
2021-06-11T18:15:43.581Z [AUDIT] Token created by 'anonymous': tokenId='5cbb7ceb-7ea3-4dec-9142-bb1d0fa24018', issuer='jfac@01f7bxpcdnjjsh1zk5xct909a5', subject='jfac@01f7bxpcdnjjsh1zk5xct909a5', expiry=1623435463396, refreshable=false
2021-06-11T18:15:43.618Z [AUDIT] Token created by 'anonymous': tokenId='33d7bdc5-30c7-4328-a197-88f15454de84', issuer='jfmd@01f7bxpxj0z6fsngmqwc1934rb', subject='jfmd@01f7bxpxj0z6fsngmqwc1934rb', expiry=none, refreshable=false
2021-06-11T18:15:47.846Z [AUDIT] Token created by 'anonymous': tokenId='b5a65f91-98f0-4f64-a462-a75594ae9fb8', issuer='jfevt@01f7bxpcdnjjsh1zk5xct909a5', subject='jfevt@01f7bxpcdnjjsh1zk5xct909a5', expiry=none, refreshable=false
2021-06-11T18:15:50.966Z [AUDIT] Token created by 'jfevt@01f7bxpcdnjjsh1zk5xct909a5': tokenId='a7724a73-299f-4b47-a4c5-3014b687d14f', issuer='jfevt@01f7bxpcdnjjsh1zk5xct909a5', subject='jfevt@01f7bxpcdnjjsh1zk5xct909a5', expiry=1623521750854, refreshable=true
2021-06-11T18:15:50.971Z [AUDIT] Token created by 'jfevt@01f7bxpcdnjjsh1zk5xct909a5': tokenId='953d0b78-9f98-418b-a5a0-ce4550b6d52c', issuer='jfevt@01f7bxpcdnjjsh1zk5xct909a5', subject='jfevt@01f7bxpcdnjjsh1zk5xct909a5', expiry=1623521750859, refreshable=true
2021-06-11T18:15:50.972Z [AUDIT] Token created by 'jfevt@01f7bxpcdnjjsh1zk5xct909a5': tokenId='83aaaf6d-6897-4950-add4-45ea287d3829', issuer='jfevt@01f7bxpcdnjjsh1zk5xct909a5', subject='jfevt@01f7bxpcdnjjsh1zk5xct909a5', expiry=1623521750857, refreshable=true
2021-06-11T18:15:50.971Z [AUDIT] Token created by 'jfevt@01f7bxpcdnjjsh1zk5xct909a5': tokenId='d0a0a89a-83a1-4f1e-96ae-53819fbd2d77', issuer='jfevt@01f7bxpcdnjjsh1zk5xct909a5', subject='jfevt@01f7bxpcdnjjsh1zk5xct909a5', expiry=1623521750859, refreshable=true
2021-06-11T18:16:17.269Z [AUDIT] Token created by 'anonymous': tokenId='a546a55b-4ce4-47a8-a461-616924bba8b6', issuer='jfrt@01f7bxr762s4dr1x224yxh1efc', subject='jfrt@01f7bxr762s4dr1x224yxh1efc', expiry=none, refreshable=false
2021-06-11T18:16:28.356Z [AUDIT] Token created by 'jfrt@01f7bxr762s4dr1x224yxh1efc': tokenId='45fcb2da-adab-4a1d-bbb9-05f8a9233ce8', issuer='jfrt@01f7bxr762s4dr1x224yxh1efc', subject='jfrt@01f7bxr762s4dr1x224yxh1efc', expiry=2569515388318, refreshable=false
2021-06-11T18:16:31.070Z [AUDIT] Token created by 'jfrt@01f7bxr762s4dr1x224yxh1efc': tokenId='2eec5b77-d670-49a7-9d89-5718d080cc79', issuer='jfrt@01f7bxr762s4dr1x224yxh1efc/users/_system_', subject='jfrt@01f7bxr762s4dr1x224yxh1efc/users/_system_', expiry=none, refreshable=false
2021-06-11T18:16:55.124Z [AUDIT] Token created by 'anonymous': tokenId='908bd4ef-f903-44af-81ea-216f2bb6a72f', issuer='jffe@000', subject='jffe@000', expiry=none, refreshable=false
2021-06-11T18:16:55.571Z [AUDIT] Token created by 'jffe@000': tokenId='88302aac-8e86-4bc4-b71a-20d186f6d48e', issuer='jffe@000', subject='jffe@000/users/jffe@000', expiry=1623436015571, refreshable=false
