2021-06-04T16:28:26.141Z [jfmd ] [INFO ] [1392b1e03eb5aa73] [security_keys.go:149          ] [main                ] - Master key is missing. Pending for 5 seconds with 2m0s timeout [init]
2021-06-04T16:28:31.150Z [jfmd ] [INFO ] [1392b1e03eb5aa73] [security_keys.go:149          ] [main                ] - Master key is missing. Pending for 10 seconds with 2m0s timeout [init]
2021-06-04T16:28:36.153Z [jfmd ] [INFO ] [1392b1e03eb5aa73] [security_keys.go:149          ] [main                ] - Master key is missing. Pending for 15 seconds with 2m0s timeout [init]
2021-06-04T16:28:41.156Z [jfmd ] [INFO ] [1392b1e03eb5aa73] [security_keys.go:149          ] [main                ] - Master key is missing. Pending for 20 seconds with 2m0s timeout [init]
2021-06-04T16:28:46.163Z [jfmd ] [INFO ] [1392b1e03eb5aa73] [security_keys.go:149          ] [main                ] - Master key is missing. Pending for 25 seconds with 2m0s timeout [init]
2021-06-04T16:28:51.169Z [jfmd ] [INFO ] [1392b1e03eb5aa73] [security_keys.go:149          ] [main                ] - Master key is missing. Pending for 30 seconds with 2m0s timeout [init]
2021-06-04T16:28:56.172Z [jfmd ] [INFO ] [1392b1e03eb5aa73] [security_keys.go:149          ] [main                ] - Master key is missing. Pending for 35 seconds with 2m0s timeout [init]
2021-06-04T16:29:01.174Z [jfmd ] [INFO ] [1392b1e03eb5aa73] [security_keys.go:163          ] [main                ] - Cluster join: Join key is missing. Pending for 40 seconds with 2m0s timeout [init]
2021-06-04T16:29:06.178Z [jfmd ] [INFO ] [1392b1e03eb5aa73] [security_keys.go:163          ] [main                ] - Cluster join: Join key is missing. Pending for 45 seconds with 2m0s timeout [init]
2021-06-04T16:29:11.182Z [jfmd ] [INFO ] [1392b1e03eb5aa73] [security_keys.go:163          ] [main                ] - Cluster join: Join key is missing. Pending for 50 seconds with 2m0s timeout [init]
2021-06-04T16:29:13.184Z [jfmd ] [INFO ] [1392b1e03eb5aa73] [database_bearer.go:101        ] [main                ] - Connecting to (db config: {sqlite /opt/jfrog/artifactory/var/data/metadata/sqlite.db?_fk=yes&_busy_timeout=5000&_txlock=immediate&cache=shared}) [database]
2021-06-04T16:29:13.409Z [jfmd ] [INFO ] [1392b1e03eb5aa73] [migrator.go:60                ] [main                ] - Applying 45 migrations files [database]
2021-06-04T16:29:13.429Z [jfmd ] [INFO ] [1392b1e03eb5aa73] [migrator.go:221               ] [main                ] - Migration v001_packages.sql successfully applied (4 statements) [database]
2021-06-04T16:29:13.437Z [jfmd ] [INFO ] [1392b1e03eb5aa73] [migrator.go:221               ] [main                ] - Migration v002_versions.sql successfully applied (5 statements) [database]
2021-06-04T16:29:13.446Z [jfmd ] [INFO ] [1392b1e03eb5aa73] [migrator.go:221               ] [main                ] - Migration v003_package_qualifiers.sql successfully applied (2 statements) [database]
2021-06-04T16:29:13.458Z [jfmd ] [INFO ] [1392b1e03eb5aa73] [migrator.go:221               ] [main                ] - Migration v004_package_user_properties.sql successfully applied (3 statements) [database]
2021-06-04T16:29:13.472Z [jfmd ] [INFO ] [1392b1e03eb5aa73] [migrator.go:221               ] [main                ] - Migration v005_package_tags.sql successfully applied (2 statements) [database]
2021-06-04T16:29:13.488Z [jfmd ] [INFO ] [1392b1e03eb5aa73] [migrator.go:221               ] [main                ] - Migration v006_package_stats.sql successfully applied (1 statements) [database]
2021-06-04T16:29:13.501Z [jfmd ] [INFO ] [1392b1e03eb5aa73] [migrator.go:221               ] [main                ] - Migration v007_sources.sql successfully applied (2 statements) [database]
2021-06-04T16:29:13.529Z [jfmd ] [INFO ] [1392b1e03eb5aa73] [migrator.go:221               ] [main                ] - Migration v008_package_info_sources.sql successfully applied (3 statements) [database]
2021-06-04T16:29:13.538Z [jfmd ] [INFO ] [1392b1e03eb5aa73] [migrator.go:221               ] [main                ] - Migration v009_servers.sql successfully applied (2 statements) [database]
2021-06-04T16:29:13.553Z [jfmd ] [INFO ] [1392b1e03eb5aa73] [migrator.go:221               ] [main                ] - Migration v010_version_qualifiers.sql successfully applied (3 statements) [database]
2021-06-04T16:29:13.570Z [jfmd ] [INFO ] [1392b1e03eb5aa73] [migrator.go:221               ] [main                ] - Migration v011_version_user_properties.sql successfully applied (3 statements) [database]
2021-06-04T16:29:13.588Z [jfmd ] [INFO ] [1392b1e03eb5aa73] [migrator.go:221               ] [main                ] - Migration v012_version_tags.sql successfully applied (3 statements) [database]
2021-06-04T16:29:13.608Z [jfmd ] [INFO ] [1392b1e03eb5aa73] [migrator.go:221               ] [main                ] - Migration v013_version_stats.sql successfully applied (1 statements) [database]
2021-06-04T16:29:13.627Z [jfmd ] [INFO ] [1392b1e03eb5aa73] [migrator.go:221               ] [main                ] - Migration v014_licenses.sql successfully applied (2 statements) [database]
2021-06-04T16:29:13.641Z [jfmd ] [INFO ] [1392b1e03eb5aa73] [migrator.go:221               ] [main                ] - Migration v015_files.sql successfully applied (5 statements) [database]
2021-06-04T16:29:13.661Z [jfmd ] [INFO ] [1392b1e03eb5aa73] [migrator.go:221               ] [main                ] - Migration v016_file_qualifiers.sql successfully applied (3 statements) [database]
2021-06-04T16:29:13.676Z [jfmd ] [INFO ] [1392b1e03eb5aa73] [migrator.go:221               ] [main                ] - Migration v017_package_licenses.sql successfully applied (3 statements) [database]
2021-06-04T16:29:13.692Z [jfmd ] [INFO ] [1392b1e03eb5aa73] [migrator.go:221               ] [main                ] - Migration v018_version_licenses.sql successfully applied (3 statements) [database]
2021-06-04T16:29:13.706Z [jfmd ] [INFO ] [1392b1e03eb5aa73] [migrator.go:221               ] [main                ] - Migration v019_files_versions.sql successfully applied (3 statements) [database]
2021-06-04T16:29:13.717Z [jfmd ] [INFO ] [1392b1e03eb5aa73] [migrator.go:221               ] [main                ] - Migration v020_repo.sql successfully applied (2 statements) [database]
2021-06-04T16:29:13.734Z [jfmd ] [INFO ] [1392b1e03eb5aa73] [migrator.go:221               ] [main                ] - Migration v021_lead_paths.sql successfully applied (4 statements) [database]
2021-06-04T16:29:13.768Z [jfmd ] [INFO ] [1392b1e03eb5aa73] [migrator.go:221               ] [main                ] - Migration v022_package_descriptions.sql successfully applied (1 statements) [database]
2021-06-04T16:29:13.795Z [jfmd ] [INFO ] [1392b1e03eb5aa73] [migrator.go:221               ] [main                ] - Migration v023_contributors.sql successfully applied (2 statements) [database]
2021-06-04T16:29:13.815Z [jfmd ] [INFO ] [1392b1e03eb5aa73] [migrator.go:221               ] [main                ] - Migration v024_version_contributors.sql successfully applied (3 statements) [database]
2021-06-04T16:29:13.836Z [jfmd ] [INFO ] [1392b1e03eb5aa73] [migrator.go:221               ] [main                ] - Migration v025_sharedconfigs.sql successfully applied (2 statements) [database]
2021-06-04T16:29:13.846Z [jfmd ] [INFO ] [1392b1e03eb5aa73] [migrator.go:221               ] [main                ] - Migration v026_version_vulns.sql successfully applied (1 statements) [database]
2021-06-04T16:29:13.853Z [jfmd ] [INFO ] [1392b1e03eb5aa73] [migrator.go:221               ] [main                ] - Migration v027_package_vulns.sql successfully applied (1 statements) [database]
2021-06-04T16:29:13.866Z [jfmd ] [INFO ] [1392b1e03eb5aa73] [migrator.go:221               ] [main                ] - Migration v028_versions_ordinal_index.sql successfully applied (1 statements) [database]
2021-06-04T16:29:13.882Z [jfmd ] [INFO ] [1392b1e03eb5aa73] [migrator.go:221               ] [main                ] - Migration v029_qualifier_user_prop_length.sql successfully applied (0 statements) [database]
2021-06-04T16:29:13.901Z [jfmd ] [INFO ] [1392b1e03eb5aa73] [migrator.go:221               ] [main                ] - Migration v030_version_addcolumn_size.sql successfully applied (1 statements) [database]
2021-06-04T16:29:13.916Z [jfmd ] [INFO ] [1392b1e03eb5aa73] [migrator.go:221               ] [main                ] - Migration v031_package_add_base_model_complete.sql successfully applied (1 statements) [database]
2021-06-04T16:29:13.966Z [jfmd ] [INFO ] [1392b1e03eb5aa73] [migrator.go:221               ] [main                ] - Migration v032_rename_stats_columns.sql successfully applied (3 statements) [database]
2021-06-04T16:29:13.974Z [jfmd ] [INFO ] [1392b1e03eb5aa73] [migrator.go:221               ] [main                ] - Migration v033_rename_size_column.sql successfully applied (1 statements) [database]
2021-06-04T16:29:13.998Z [jfmd ] [INFO ] [1392b1e03eb5aa73] [migrator.go:221               ] [main                ] - Migration v034_ver_stats_fk_ver_repos_fk.sql successfully applied (11 statements) [database]
2021-06-04T16:29:14.024Z [jfmd ] [INFO ] [1392b1e03eb5aa73] [migrator.go:221               ] [main                ] - Migration v035_files_unique_name_sha256.sql successfully applied (4 statements) [database]
2021-06-04T16:29:14.030Z [jfmd ] [INFO ] [1392b1e03eb5aa73] [migrator.go:221               ] [main                ] - Migration v036_version_add_modified.sql successfully applied (1 statements) [database]
2021-06-04T16:29:14.045Z [jfmd ] [INFO ] [1392b1e03eb5aa73] [migrator.go:221               ] [main                ] - Migration v037_version_add_base_model_complete.sql successfully applied (1 statements) [database]
2021-06-04T16:29:14.064Z [jfmd ] [INFO ] [1392b1e03eb5aa73] [migrator.go:221               ] [main                ] - Migration v038_file_targets.sql successfully applied (2 statements) [database]
2021-06-04T16:29:14.077Z [jfmd ] [INFO ] [1392b1e03eb5aa73] [migrator.go:221               ] [main                ] - Migration v039_file_targets_fk.sql successfully applied (1 statements) [database]
2021-06-04T16:29:14.095Z [jfmd ] [INFO ] [1392b1e03eb5aa73] [migrator.go:221               ] [main                ] - Migration v042_async_data_converter.sql successfully applied (5 statements) [database]
2021-06-04T16:29:14.108Z [jfmd ] [INFO ] [1392b1e03eb5aa73] [migrator.go:221               ] [main                ] - Migration v043_add_mark_for_deletion.sql successfully applied (3 statements) [database]
2021-06-04T16:29:14.125Z [jfmd ] [INFO ] [1392b1e03eb5aa73] [migrator.go:221               ] [main                ] - Migration v044_add_dependant_task.sql successfully applied (1 statements) [database]
2021-06-04T16:29:14.135Z [jfmd ] [INFO ] [1392b1e03eb5aa73] [migrator.go:221               ] [main                ] - Migration v045_delete_reorder_prerelease_version_task.sql successfully applied (1 statements) [database]
2021-06-04T16:29:14.154Z [jfmd ] [INFO ] [1392b1e03eb5aa73] [migrator.go:221               ] [main                ] - Migration v046_add_cvss3.sql successfully applied (2 statements) [database]
2021-06-04T16:29:14.170Z [jfmd ] [INFO ] [1392b1e03eb5aa73] [migrator.go:221               ] [main                ] - Migration v047_reorder_task_temp_table.sql successfully applied (2 statements) [database]
2021-06-04T16:29:14.186Z [jfmd ] [INFO ] [1392b1e03eb5aa73] [migrator.go:69                ] [main                ] - Applied 110 database migrations statements in 775.963714ms seconds [database]
2021-06-04T16:29:14.687Z [jfmd ] [INFO ] [1392b1e03eb5aa73] [application.go:68             ] [main                ] - Metadata (jfmd) service initialization started. Version: 7.19.4 Revision: a650c79d3af PID: 3530 Home: /opt/jfrog/artifactory/var [app_initializer]
2021-06-04T16:29:14.699Z [jfmd ] [INFO ] [1392b1e03eb5aa73] [server_bearer.go:171          ] [main                ] - Created service_id and pushed to store: jfmd@01f7bxpxj0z6fsngmqwc1934rb [ServerInit]
2021-06-04T16:29:18.715Z [jfmd ] [INFO ] [1392b1e03eb5aa73] [accessclient.go:57            ] [main                ] - Cluster join: Retry 5: Service registry ping failed, will retry. Error: Error while trying to connect to local router at address 'http://localhost:8046/access': Get "http://localhost:8046/access/api/v1/system/ping": dial tcp 127.0.0.1:8046: connect: connection refused [access_client]
2021-06-04T16:29:23.722Z [jfmd ] [INFO ] [1392b1e03eb5aa73] [accessclient.go:57            ] [main                ] - Cluster join: Retry 10: Service registry ping failed, will retry. Error: Error while trying to connect to local router at address 'http://localhost:8046/access': Get "http://localhost:8046/access/api/v1/system/ping": dial tcp 127.0.0.1:8046: connect: connection refused [access_client]
2021-06-04T16:29:28.737Z [jfmd ] [INFO ] [1392b1e03eb5aa73] [accessclient.go:57            ] [main                ] - Cluster join: Retry 15: Service registry ping failed, will retry. Error: Error while trying to connect to local router at address 'http://localhost:8046/access': Failed to access :http://localhost:8046/access/api/v1/system/ping return status code : 404 [access_client]
2021-06-04T16:29:31.024Z [jfmd ] [INFO ] [1392b1e03eb5aa73] [accessclient.go:57            ] [main                ] - Cluster join: Successfully joined the cluster [access_client]
2021-06-04T16:29:31.024Z [jfmd ] [INFO ] [1392b1e03eb5aa73] [accessclient.go:57            ] [main                ] - Cluster join: executing Router register at: localhost:8046 for service id jfmd@01f7bxpxj0z6fsngmqwc1934rb [access_client]
2021-06-04T16:29:31.158Z [jfmd ] [INFO ] [1392b1e03eb5aa73] [router_middlewares.go:55      ] [main                ] - 
Metadata Info
========================

Shared.NewRelic.Enabled                              | false
Logging.Application.FilePath                         | metadata-service.log
Logging.Application.Rotation.MaxAgeDays              | 365
Logging.Application.Rotation.IntervalSeconds         | 0
AccessClient.JoinTimeout                             | 3m0s
Keys.ReadIntervalDuration                            | 1s
Shared.NewRelic.EnableDebugLog                       | false
Logging.Application.Rotation.MaxSizeMb               | 25
Logging.Application.Rotation.Compress                | true
Logging.Request.Rotation.MaxSizeMb                   | 25
Database.Type                                        | 1
AccessClient.Url                                     | http://localhost:8081/access
Logging.Request.Rotation.Compress                    | true
Profiling.Enabled                                    | false
Shared.NewRelic.AppName                              | 
Shared.NewRelic.DistributedTracerEnabled             | true
Logging.Application.Level                            | info
Logging.Application.Rotation.MaxFiles                | 10
Logging.Request.Rotation.MaxAgeDays                  | 365
Port                                                 | 8086
Logging.Request.FilePath                             | metadata-request.log
Logging.Request.Rotation.MaxFiles                    | 10
Logging.Request.Rotation.IntervalSeconds             | 0
Keys.ReadAttempts                                    | 120

2021-06-04T16:29:31.158Z [jfmd ] [INFO ] [1392b1e03eb5aa73] [router_middlewares.go:56      ] [main                ] - Metadata (jfmd) service initialization completed in 16.470 seconds. Listening on port: 8086 [router]
2021-06-04T16:29:31.158Z [jfmd ] [INFO ] [1392b1e03eb5aa73] [async_converter.go:194        ] [main                ] - Starting async converter routine [async_converter] [workerNumber][1]
2021-06-04T16:29:33.217Z [jfmd ] [WARN ] [1392b1e03eb5aa73] [versions_package_id_ordinal_in] [main                ] - Running DB indexes [md_version_pkgid_ordinal_idx,md_versions_package_id_idx,md_versions_ordinal_idx] maintenance in the background, it might cause some slowness in the Metadata service [BatchEndKey][1] [BatchKey][versionsPackageIdOrdinalIndexTask] [BatchStartKey][0] [versions_package_id_ordinal_index_task] [workerNumber][1]
2021-06-04T16:29:33.220Z [jfmd ] [WARN ] [1392b1e03eb5aa73] [versions_package_id_ordinal_in] [main                ] - Finished with DB indexes [[md_version_pkgid_ordinal_idx md_versions_package_id_idx md_versions_ordinal_idx]] background maintenance, Metadata service is back to normal [BatchEndKey][1] [BatchKey][versionsPackageIdOrdinalIndexTask] [BatchStartKey][0] [versions_package_id_ordinal_index_task] [workerNumber][1]
2021-06-04T16:29:35.237Z [jfmd ] [WARN ] [1392b1e03eb5aa73] [ver_repos_lead_file_path_index] [main                ] - Running DB index [md_ver_repos_lead_file_pth_idx] maintenance in the background, it might cause some slowness in the Metadata service [BatchEndKey][1] [BatchKey][verReposLeadFilePathIndexIndexTask] [BatchStartKey][0] [ver_repos_lead_file_path_index_task] [workerNumber][1]
2021-06-04T16:29:35.239Z [jfmd ] [WARN ] [1392b1e03eb5aa73] [ver_repos_lead_file_path_index] [main                ] - Finished with DB index [md_ver_repos_lead_file_pth_idx] background maintenance, Metadata service is back to normal [BatchEndKey][1] [BatchKey][verReposLeadFilePathIndexIndexTask] [BatchStartKey][0] [ver_repos_lead_file_path_index_task] [workerNumber][1]
2021-06-11T18:13:45.149Z [jfmd ] [INFO ] [5a80e7aaf0a66aa6] [database_bearer.go:101        ] [main                ] - Connecting to (db config: {sqlite /opt/jfrog/artifactory/var/data/metadata/sqlite.db?_fk=yes&_busy_timeout=5000&_txlock=immediate&cache=shared}) [database]
2021-06-11T18:13:45.414Z [jfmd ] [INFO ] [5a80e7aaf0a66aa6] [migrator.go:60                ] [main                ] - Applying 45 migrations files [database]
2021-06-11T18:13:45.915Z [jfmd ] [INFO ] [5a80e7aaf0a66aa6] [application.go:68             ] [main                ] - Metadata (jfmd) service initialization started. Version: 7.19.4 Revision: a650c79d3af PID: 3185 Home: /opt/jfrog/artifactory/var [app_initializer]
2021-06-11T18:13:45.922Z [jfmd ] [INFO ] [5a80e7aaf0a66aa6] [server_bearer.go:169          ] [main                ] - Got service_id from datastore: jfmd@01f7bxpxj0z6fsngmqwc1934rb [ServerInit]
2021-06-11T18:13:50.022Z [jfmd ] [INFO ] [5a80e7aaf0a66aa6] [accessclient.go:57            ] [main                ] - Cluster join: Retry 5: Service registry ping failed, will retry. Error: Error while trying to connect to local router at address 'http://localhost:8046/access': Get "http://localhost:8046/access/api/v1/system/ping": dial tcp 127.0.0.1:8046: connect: connection refused [access_client]
2021-06-11T18:13:55.027Z [jfmd ] [INFO ] [5a80e7aaf0a66aa6] [accessclient.go:57            ] [main                ] - Cluster join: Retry 10: Service registry ping failed, will retry. Error: Error while trying to connect to local router at address 'http://localhost:8046/access': Get "http://localhost:8046/access/api/v1/system/ping": dial tcp 127.0.0.1:8046: connect: connection refused [access_client]
2021-06-11T18:14:00.056Z [jfmd ] [INFO ] [5a80e7aaf0a66aa6] [accessclient.go:57            ] [main                ] - Cluster join: Retry 15: Service registry ping failed, will retry. Error: Error while trying to connect to local router at address 'http://localhost:8046/access': Get "http://localhost:8046/access/api/v1/system/ping": dial tcp 127.0.0.1:8046: connect: connection refused [access_client]
2021-06-11T18:14:05.071Z [jfmd ] [INFO ] [5a80e7aaf0a66aa6] [accessclient.go:57            ] [main                ] - Cluster join: Retry 20: Service registry ping failed, will retry. Error: Error while trying to connect to local router at address 'http://localhost:8046/access': Get "http://localhost:8046/access/api/v1/system/ping": dial tcp 127.0.0.1:8046: connect: connection refused [access_client]
2021-06-11T18:14:10.090Z [jfmd ] [INFO ] [5a80e7aaf0a66aa6] [accessclient.go:57            ] [main                ] - Cluster join: Retry 25: Service registry ping failed, will retry. Error: Error while trying to connect to local router at address 'http://localhost:8046/access': Get "http://localhost:8046/access/api/v1/system/ping": dial tcp 127.0.0.1:8046: connect: connection refused [access_client]
2021-06-11T18:14:15.098Z [jfmd ] [INFO ] [5a80e7aaf0a66aa6] [accessclient.go:57            ] [main                ] - Cluster join: Retry 30: Service registry ping failed, will retry. Error: Error while trying to connect to local router at address 'http://localhost:8046/access': Get "http://localhost:8046/access/api/v1/system/ping": dial tcp 127.0.0.1:8046: connect: connection refused [access_client]
2021-06-11T18:14:20.105Z [jfmd ] [INFO ] [5a80e7aaf0a66aa6] [accessclient.go:57            ] [main                ] - Cluster join: Retry 35: Service registry ping failed, will retry. Error: Error while trying to connect to local router at address 'http://localhost:8046/access': Get "http://localhost:8046/access/api/v1/system/ping": dial tcp 127.0.0.1:8046: connect: connection refused [access_client]
2021-06-11T18:14:25.216Z [jfmd ] [INFO ] [5a80e7aaf0a66aa6] [accessclient.go:57            ] [main                ] - Cluster join: Retry 40: Service registry ping failed, will retry. Error: Error while trying to connect to local router at address 'http://localhost:8046/access': Get "http://localhost:8046/access/api/v1/system/ping": dial tcp 127.0.0.1:8046: connect: connection refused [access_client]
2021-06-11T18:14:30.232Z [jfmd ] [INFO ] [5a80e7aaf0a66aa6] [accessclient.go:57            ] [main                ] - Cluster join: Retry 45: Service registry ping failed, will retry. Error: Error while trying to connect to local router at address 'http://localhost:8046/access': Get "http://localhost:8046/access/api/v1/system/ping": dial tcp 127.0.0.1:8046: connect: connection refused [access_client]
2021-06-11T18:14:35.506Z [jfmd ] [INFO ] [5a80e7aaf0a66aa6] [accessclient.go:57            ] [main                ] - Cluster join: Retry 50: Service registry ping failed, will retry. Error: Error while trying to connect to local router at address 'http://localhost:8046/access': Get "http://localhost:8046/access/api/v1/system/ping": dial tcp 127.0.0.1:8046: connect: connection refused [access_client]
2021-06-11T18:14:40.512Z [jfmd ] [INFO ] [5a80e7aaf0a66aa6] [accessclient.go:57            ] [main                ] - Cluster join: Retry 55: Service registry ping failed, will retry. Error: Error while trying to connect to local router at address 'http://localhost:8046/access': Get "http://localhost:8046/access/api/v1/system/ping": dial tcp 127.0.0.1:8046: connect: connection refused [access_client]
2021-06-11T18:14:46.620Z [jfmd ] [INFO ] [5a80e7aaf0a66aa6] [accessclient.go:57            ] [main                ] - Cluster join: Retry 60: Service registry ping failed, will retry. Error: Error while trying to connect to local router at address 'http://localhost:8046/access': Get "http://localhost:8046/access/api/v1/system/ping": dial tcp 127.0.0.1:8046: connect: connection refused [access_client]
2021-06-11T18:14:51.716Z [jfmd ] [INFO ] [5a80e7aaf0a66aa6] [accessclient.go:57            ] [main                ] - Cluster join: Retry 65: Service registry ping failed, will retry. Error: Error while trying to connect to local router at address 'http://localhost:8046/access': Get "http://localhost:8046/access/api/v1/system/ping": dial tcp 127.0.0.1:8046: connect: connection refused [access_client]
2021-06-11T18:14:56.998Z [jfmd ] [INFO ] [5a80e7aaf0a66aa6] [accessclient.go:57            ] [main                ] - Cluster join: Retry 70: Service registry ping failed, will retry. Error: Error while trying to connect to local router at address 'http://localhost:8046/access': Get "http://localhost:8046/access/api/v1/system/ping": dial tcp 127.0.0.1:8046: connect: connection refused [access_client]
2021-06-11T18:15:02.022Z [jfmd ] [INFO ] [5a80e7aaf0a66aa6] [accessclient.go:57            ] [main                ] - Cluster join: Retry 75: Service registry ping failed, will retry. Error: Error while trying to connect to local router at address 'http://localhost:8046/access': Get "http://localhost:8046/access/api/v1/system/ping": dial tcp 127.0.0.1:8046: connect: connection refused [access_client]
2021-06-11T18:15:07.036Z [jfmd ] [INFO ] [5a80e7aaf0a66aa6] [accessclient.go:57            ] [main                ] - Cluster join: Retry 80: Service registry ping failed, will retry. Error: Error while trying to connect to local router at address 'http://localhost:8046/access': Get "http://localhost:8046/access/api/v1/system/ping": dial tcp 127.0.0.1:8046: connect: connection refused [access_client]
2021-06-11T18:15:12.072Z [jfmd ] [INFO ] [5a80e7aaf0a66aa6] [accessclient.go:57            ] [main                ] - Cluster join: Retry 85: Service registry ping failed, will retry. Error: Error while trying to connect to local router at address 'http://localhost:8046/access': Get "http://localhost:8046/access/api/v1/system/ping": dial tcp 127.0.0.1:8046: connect: connection refused [access_client]
2021-06-11T18:15:17.090Z [jfmd ] [INFO ] [5a80e7aaf0a66aa6] [accessclient.go:57            ] [main                ] - Cluster join: Retry 90: Service registry ping failed, will retry. Error: Error while trying to connect to local router at address 'http://localhost:8046/access': Get "http://localhost:8046/access/api/v1/system/ping": dial tcp 127.0.0.1:8046: connect: connection refused [access_client]
2021-06-11T18:15:22.127Z [jfmd ] [INFO ] [5a80e7aaf0a66aa6] [accessclient.go:57            ] [main                ] - Cluster join: Retry 95: Service registry ping failed, will retry. Error: Error while trying to connect to local router at address 'http://localhost:8046/access': Get "http://localhost:8046/access/api/v1/system/ping": dial tcp 127.0.0.1:8046: connect: connection refused [access_client]
2021-06-11T18:15:27.919Z [jfmd ] [INFO ] [5a80e7aaf0a66aa6] [accessclient.go:57            ] [main                ] - Cluster join: Retry 100: Service registry ping failed, will retry. Error: Error while trying to connect to local router at address 'http://localhost:8046/access': Failed to access :http://localhost:8046/access/api/v1/system/ping return status code : 404 [access_client]
2021-06-11T18:15:33.756Z [jfmd ] [INFO ] [5a80e7aaf0a66aa6] [accessclient.go:57            ] [main                ] - Cluster join: Retry 105: Service registry ping failed, will retry. Error: Error while trying to connect to local router at address 'http://localhost:8046/access': Failed to access :http://localhost:8046/access/api/v1/system/ping return status code : 404 [access_client]
2021-06-11T18:15:40.345Z [jfmd ] [INFO ] [5a80e7aaf0a66aa6] [accessclient.go:57            ] [main                ] - Cluster join: Retry 110: Service registry ping failed, will retry. Error: Error while trying to connect to local router at address 'http://localhost:8046/access': Failed to access :http://localhost:8046/access/api/v1/system/ping return status code : 404 [access_client]
2021-06-11T18:15:43.781Z [jfmd ] [INFO ] [5a80e7aaf0a66aa6] [accessclient.go:57            ] [main                ] - Cluster join: Successfully joined the cluster [access_client]
2021-06-11T18:15:43.786Z [jfmd ] [INFO ] [5a80e7aaf0a66aa6] [accessclient.go:57            ] [main                ] - Cluster join: executing Router register at: localhost:8046 for service id jfmd@01f7bxpxj0z6fsngmqwc1934rb [access_client]
2021-06-11T18:15:47.866Z [jfmd ] [INFO ] [5a80e7aaf0a66aa6] [async_converter.go:194        ] [main                ] - Starting async converter routine [async_converter] [workerNumber][1]
2021-06-11T18:15:47.873Z [jfmd ] [INFO ] [5a80e7aaf0a66aa6] [router_middlewares.go:55      ] [main                ] - 
Metadata Info
========================

Port                                                 | 8086
Logging.Application.FilePath                         | metadata-service.log
Logging.Request.Rotation.Compress                    | true
AccessClient.Url                                     | http://localhost:8081/access
AccessClient.JoinTimeout                             | 3m0s
Logging.Application.Level                            | info
Logging.Application.Rotation.MaxFiles                | 10
Logging.Request.Rotation.MaxAgeDays                  | 365
Database.Type                                        | 1
Keys.ReadIntervalDuration                            | 1s
Profiling.Enabled                                    | false
Shared.NewRelic.EnableDebugLog                       | false
Logging.Application.Rotation.MaxSizeMb               | 25
Logging.Request.FilePath                             | metadata-request.log
Logging.Request.Rotation.MaxSizeMb                   | 25
Shared.NewRelic.Enabled                              | false
Shared.NewRelic.AppName                              | 
Shared.NewRelic.DistributedTracerEnabled             | true
Logging.Application.Rotation.MaxAgeDays              | 365
Logging.Application.Rotation.Compress                | true
Logging.Application.Rotation.IntervalSeconds         | 0
Logging.Request.Rotation.MaxFiles                    | 10
Logging.Request.Rotation.IntervalSeconds             | 0
Keys.ReadAttempts                                    | 120

2021-06-11T18:15:47.874Z [jfmd ] [INFO ] [5a80e7aaf0a66aa6] [router_middlewares.go:56      ] [main                ] - Metadata (jfmd) service initialization completed in 121.958 seconds. Listening on port: 8086 [router]
